<?xml version="1.0" encoding="UTF-8"?>
<!-- Generated by org.testng.reporters.JUnitReportReporter -->
<testsuite skipped="0" hostname="ip-172-31-64-73" name="testNG.TestCase1" tests="2" failures="0" timestamp="22 May 2021 15:11:49 GMT" time="0.017" errors="0">
  <testcase name="CreditTest2" time="0.001" classname="testNG.TestCase1"/>
  <testcase name="CreditTest1" time="0.016" classname="testNG.TestCase1"/>
</testsuite> <!-- testNG.TestCase1 -->
