<?xml version="1.0" encoding="UTF-8"?>
<!-- Generated by org.testng.reporters.JUnitReportReporter -->
<testsuite skipped="0" hostname="ip-172-31-64-73" name="test.LoginTest" tests="1" failures="0" timestamp="22 May 2021 16:49:44 GMT" time="7.531" errors="0">
  <testcase name="login" time="7.531" classname="test.LoginTest"/>
</testsuite> <!-- test.LoginTest -->
