<?xml version="1.0" encoding="UTF-8"?>
<!-- Generated by org.testng.reporters.JUnitReportReporter -->
<testsuite skipped="0" hostname="ip-172-31-64-73" name="testNG.TestCase2" tests="1" failures="0" timestamp="22 May 2021 15:11:49 GMT" time="0.001" errors="0">
  <testcase name="test3" time="0.001" classname="testNG.TestCase2"/>
</testsuite> <!-- testNG.TestCase2 -->
